<?xml version="1.0" encoding="UTF-8"?>
<robot generator="Robot 3.2.1 (Python 3.7.5 on linux)" generated="20200802 13:40:10.027" rpa="false">
<suite id="s1" name="adicionarItemCarrinho" source="/media/davidhalison/f971b11c-f1bf-4d4d-9f21-55bf66d0e452/MyNewProject/web/tests/adicionarItemCarrinho.robot">
<test id="s1-t1" name="Cenario 02: Deve criar uma nova conta">
<kw name="Open session" library="base" type="setup">
<kw name="Open Browser" library="SeleniumLibrary">
<doc>Opens a new browser instance to the optional ``url``.</doc>
<arguments>
<arg>${URL}</arg>
<arg>${BROWSER}</arg>
</arguments>
<msg timestamp="20200802 13:40:10.444" level="INFO">Opening browser 'chrome' to base url 'http://automationpractice.com/index.php'.</msg>
<status status="PASS" starttime="20200802 13:40:10.443" endtime="20200802 13:41:08.446"></status>
</kw>
<status status="PASS" starttime="20200802 13:40:10.441" endtime="20200802 13:41:08.447"></status>
</kw>
<kw name="Dado que eu esteja na pagina principal e clico em Sign in" library="BDDpt-br">
<kw name="Run Keyword" library="BuiltIn">
<doc>Executes the given keyword with the given arguments.</doc>
<arguments>
<arg>${Keyword}</arg>
</arguments>
<kw name="que eu esteja na pagina principal e clico em Sign in" library="kwsCadastro">
<kw name="Sleep" library="BuiltIn">
<doc>Pauses the test executed for the given time.</doc>
<arguments>
<arg>2</arg>
</arguments>
<msg timestamp="20200802 13:41:10.456" level="INFO">Slept 2 seconds</msg>
<status status="PASS" starttime="20200802 13:41:08.455" endtime="20200802 13:41:10.457"></status>
</kw>
<kw name="Click Element" library="SeleniumLibrary">
<doc>Click the element identified by ``locator``.</doc>
<arguments>
<arg>${BOTAO_CADASTRO}</arg>
</arguments>
<msg timestamp="20200802 13:41:10.458" level="INFO">Clicking element 'xpath=//*[@id="header"]/div[2]/div/div/nav/div[1]/a'.</msg>
<status status="PASS" starttime="20200802 13:41:10.457" endtime="20200802 13:41:12.141"></status>
</kw>
<status status="PASS" starttime="20200802 13:41:08.453" endtime="20200802 13:41:12.141"></status>
</kw>
<status status="PASS" starttime="20200802 13:41:08.452" endtime="20200802 13:41:12.142"></status>
</kw>
<status status="PASS" starttime="20200802 13:41:08.450" endtime="20200802 13:41:12.142"></status>
</kw>
<kw name="Quando estiver na pagina &quot;Create an account&quot;" library="BDDpt-br">
<kw name="Run Keyword" library="BuiltIn">
<doc>Executes the given keyword with the given arguments.</doc>
<arguments>
<arg>${Keyword}</arg>
</arguments>
<kw name="estiver na pagina &quot;Create an account&quot;" library="kwsCadastro">
<kw name="Scroll Element Into View" library="SeleniumLibrary">
<doc>Scrolls the element identified by ``locator`` into view.</doc>
<arguments>
<arg>${SCROLL_EMAIL}</arg>
</arguments>
<status status="PASS" starttime="20200802 13:41:12.149" endtime="20200802 13:41:12.267"></status>
</kw>
<kw name="Sleep" library="BuiltIn">
<doc>Pauses the test executed for the given time.</doc>
<arguments>
<arg>2</arg>
</arguments>
<msg timestamp="20200802 13:41:14.269" level="INFO">Slept 2 seconds</msg>
<status status="PASS" starttime="20200802 13:41:12.268" endtime="20200802 13:41:14.269"></status>
</kw>
<kw name="Click Element" library="SeleniumLibrary">
<doc>Click the element identified by ``locator``.</doc>
<arguments>
<arg>${CAMPO_EMAIL}</arg>
</arguments>
<msg timestamp="20200802 13:41:14.270" level="INFO">Clicking element 'xpath=//*[@id="email_create"]'.</msg>
<status status="PASS" starttime="20200802 13:41:14.269" endtime="20200802 13:41:14.459"></status>
</kw>
<kw name="Input Text" library="SeleniumLibrary">
<doc>Types the given ``text`` into the text field identified by ``locator``.</doc>
<arguments>
<arg>${CAMPO_EMAIL}</arg>
<arg>halison@io.io</arg>
</arguments>
<msg timestamp="20200802 13:41:14.461" level="INFO">Typing text 'halison@io.io' into text field 'xpath=//*[@id="email_create"]'.</msg>
<status status="PASS" starttime="20200802 13:41:14.460" endtime="20200802 13:41:14.874"></status>
</kw>
<kw name="Sleep" library="BuiltIn">
<doc>Pauses the test executed for the given time.</doc>
<arguments>
<arg>2</arg>
</arguments>
<msg timestamp="20200802 13:41:16.876" level="INFO">Slept 2 seconds</msg>
<status status="PASS" starttime="20200802 13:41:14.875" endtime="20200802 13:41:16.876"></status>
</kw>
<kw name="Click Element" library="SeleniumLibrary">
<doc>Click the element identified by ``locator``.</doc>
<arguments>
<arg>${SCROLL_EMAIL}</arg>
</arguments>
<msg timestamp="20200802 13:41:16.878" level="INFO">Clicking element 'xpath=//*[@id="SubmitCreate"]'.</msg>
<status status="PASS" starttime="20200802 13:41:16.877" endtime="20200802 13:41:17.044"></status>
</kw>
<kw name="Page Should Contain" library="SeleniumLibrary">
<doc>Verifies that current page contains ``text``.</doc>
<arguments>
<arg>${MSG_ESPERADA}</arg>
</arguments>
<msg timestamp="20200802 13:41:17.091" level="INFO">Current page contains text 'Create an account'.</msg>
<status status="PASS" starttime="20200802 13:41:17.045" endtime="20200802 13:41:17.091"></status>
</kw>
<status status="PASS" starttime="20200802 13:41:12.147" endtime="20200802 13:41:17.092"></status>
</kw>
<status status="PASS" starttime="20200802 13:41:12.145" endtime="20200802 13:41:17.092"></status>
</kw>
<status status="PASS" starttime="20200802 13:41:12.143" endtime="20200802 13:41:17.093"></status>
</kw>
<kw name="Entao devo criar uma nova conta" library="BDDpt-br">
<kw name="Run Keyword" library="BuiltIn">
<doc>Executes the given keyword with the given arguments.</doc>
<arguments>
<arg>${Keyword}</arg>
</arguments>
<kw name="devo criar uma nova conta" library="kwsCadastro">
<kw name="Sleep" library="BuiltIn">
<doc>Pauses the test executed for the given time.</doc>
<arguments>
<arg>5</arg>
</arguments>
<msg timestamp="20200802 13:41:22.100" level="INFO">Slept 5 seconds</msg>
<status status="PASS" starttime="20200802 13:41:17.099" endtime="20200802 13:41:22.100"></status>
</kw>
<kw name="Click Element" library="SeleniumLibrary">
<doc>Click the element identified by ``locator``.</doc>
<arguments>
<arg>${BTN_MR}</arg>
</arguments>
<msg timestamp="20200802 13:41:22.102" level="INFO">Clicking element 'xpath=//*[@id="id_gender1"]'.</msg>
<status status="PASS" starttime="20200802 13:41:22.101" endtime="20200802 13:41:22.268"></status>
</kw>
<kw name="Scroll Element Into View" library="SeleniumLibrary">
<doc>Scrolls the element identified by ``locator`` into view.</doc>
<arguments>
<arg>${CAMPO_NOME}</arg>
</arguments>
<status status="PASS" starttime="20200802 13:41:22.268" endtime="20200802 13:41:22.333"></status>
</kw>
<kw name="Input Text" library="SeleniumLibrary">
<doc>Types the given ``text`` into the text field identified by ``locator``.</doc>
<arguments>
<arg>${CAMPO_NOME}</arg>
<arg>David</arg>
</arguments>
<msg timestamp="20200802 13:41:22.335" level="INFO">Typing text 'David' into text field 'xpath=//*[@id="customer_firstname"]'.</msg>
<status status="PASS" starttime="20200802 13:41:22.333" endtime="20200802 13:41:22.598"></status>
</kw>
<kw name="Input Text" library="SeleniumLibrary">
<doc>Types the given ``text`` into the text field identified by ``locator``.</doc>
<arguments>
<arg>${CAMPO_SOBRE_NOME}</arg>
<arg>Halison</arg>
</arguments>
<msg timestamp="20200802 13:41:22.600" level="INFO">Typing text 'Halison' into text field 'xpath=//*[@id="customer_lastname"]'.</msg>
<status status="PASS" starttime="20200802 13:41:22.598" endtime="20200802 13:41:22.933"></status>
</kw>
<kw name="Scroll Element Into View" library="SeleniumLibrary">
<doc>Scrolls the element identified by ``locator`` into view.</doc>
<arguments>
<arg>${CAMPO_SENHA}</arg>
</arguments>
<status status="PASS" starttime="20200802 13:41:22.934" endtime="20200802 13:41:23.012"></status>
</kw>
<kw name="Input Text" library="SeleniumLibrary">
<doc>Types the given ``text`` into the text field identified by ``locator``.</doc>
<arguments>
<arg>${CAMPO_SENHA}</arg>
<arg>123456</arg>
</arguments>
<msg timestamp="20200802 13:41:23.013" level="INFO">Typing text '123456' into text field 'xpath=//*[@id="passwd"]'.</msg>
<status status="PASS" starttime="20200802 13:41:23.013" endtime="20200802 13:41:23.272"></status>
</kw>
<kw name="Scroll Element Into View" library="SeleniumLibrary">
<doc>Scrolls the element identified by ``locator`` into view.</doc>
<arguments>
<arg>${ENDERECO_COBRANCA}</arg>
</arguments>
<status status="PASS" starttime="20200802 13:41:23.273" endtime="20200802 13:41:23.349"></status>
</kw>
<kw name="Sleep" library="BuiltIn">
<doc>Pauses the test executed for the given time.</doc>
<arguments>
<arg>2</arg>
</arguments>
<msg timestamp="20200802 13:41:25.351" level="INFO">Slept 2 seconds</msg>
<status status="PASS" starttime="20200802 13:41:23.350" endtime="20200802 13:41:25.351"></status>
</kw>
<kw name="Click Element" library="SeleniumLibrary">
<doc>Click the element identified by ``locator``.</doc>
<arguments>
<arg>${DATA_DIA}</arg>
</arguments>
<msg timestamp="20200802 13:41:25.353" level="INFO">Clicking element 'xpath=//*[@id="days"]'.</msg>
<status status="PASS" starttime="20200802 13:41:25.352" endtime="20200802 13:41:25.637"></status>
</kw>
<kw name="Click Element" library="SeleniumLibrary">
<doc>Click the element identified by ``locator``.</doc>
<arguments>
<arg>${DATA_DIA_OPCAO}</arg>
</arguments>
<msg timestamp="20200802 13:41:25.638" level="INFO">Clicking element 'xpath=//*[@id="days"]/option[11]'.</msg>
<status status="PASS" starttime="20200802 13:41:25.638" endtime="20200802 13:41:25.819"></status>
</kw>
<kw name="Sleep" library="BuiltIn">
<doc>Pauses the test executed for the given time.</doc>
<arguments>
<arg>2</arg>
</arguments>
<msg timestamp="20200802 13:41:27.821" level="INFO">Slept 2 seconds</msg>
<status status="PASS" starttime="20200802 13:41:25.820" endtime="20200802 13:41:27.821"></status>
</kw>
<kw name="Click Element" library="SeleniumLibrary">
<doc>Click the element identified by ``locator``.</doc>
<arguments>
<arg>${DATA_MES}</arg>
</arguments>
<msg timestamp="20200802 13:41:27.823" level="INFO">Clicking element 'xpath=//*[@id="months"]'.</msg>
<status status="PASS" starttime="20200802 13:41:27.822" endtime="20200802 13:41:28.092"></status>
</kw>
<kw name="Click Element" library="SeleniumLibrary">
<doc>Click the element identified by ``locator``.</doc>
<arguments>
<arg>${DATA_MES_OPCAO}</arg>
</arguments>
<msg timestamp="20200802 13:41:28.094" level="INFO">Clicking element 'xpath=//*[@id="months"]/option[07]'.</msg>
<status status="PASS" starttime="20200802 13:41:28.093" endtime="20200802 13:41:28.242"></status>
</kw>
<kw name="Sleep" library="BuiltIn">
<doc>Pauses the test executed for the given time.</doc>
<arguments>
<arg>2</arg>
</arguments>
<msg timestamp="20200802 13:41:30.244" level="INFO">Slept 2 seconds</msg>
<status status="PASS" starttime="20200802 13:41:28.243" endtime="20200802 13:41:30.245"></status>
</kw>
<kw name="Click Element" library="SeleniumLibrary">
<doc>Click the element identified by ``locator``.</doc>
<arguments>
<arg>${DATA_ANO}</arg>
</arguments>
<msg timestamp="20200802 13:41:30.246" level="INFO">Clicking element 'xpath=//*[@id="years"]'.</msg>
<status status="PASS" starttime="20200802 13:41:30.245" endtime="20200802 13:41:30.491"></status>
</kw>
<kw name="Click Element" library="SeleniumLibrary">
<doc>Click the element identified by ``locator``.</doc>
<arguments>
<arg>${DATA_ANO_OPCAO}</arg>
</arguments>
<msg timestamp="20200802 13:41:30.493" level="INFO">Clicking element 'xpath=//*[@id="years"]/option[27]'.</msg>
<status status="PASS" starttime="20200802 13:41:30.492" endtime="20200802 13:41:30.791"></status>
</kw>
<kw name="Sleep" library="BuiltIn">
<doc>Pauses the test executed for the given time.</doc>
<arguments>
<arg>5</arg>
</arguments>
<msg timestamp="20200802 13:41:35.793" level="INFO">Slept 5 seconds</msg>
<status status="PASS" starttime="20200802 13:41:30.792" endtime="20200802 13:41:35.794"></status>
</kw>
<status status="PASS" starttime="20200802 13:41:17.097" endtime="20200802 13:41:35.794"></status>
</kw>
<status status="PASS" starttime="20200802 13:41:17.096" endtime="20200802 13:41:35.795"></status>
</kw>
<status status="PASS" starttime="20200802 13:41:17.094" endtime="20200802 13:41:35.796"></status>
</kw>
<kw name="Close session" library="base" type="teardown">
<kw name="Close Browser" library="SeleniumLibrary">
<doc>Closes the current browser.</doc>
<status status="PASS" starttime="20200802 13:41:35.799" endtime="20200802 13:41:36.215"></status>
</kw>
<status status="PASS" starttime="20200802 13:41:35.797" endtime="20200802 13:41:36.216"></status>
</kw>
<tags>
<tag>validaLogin</tag>
</tags>
<status status="PASS" starttime="20200802 13:40:10.439" endtime="20200802 13:41:36.216" critical="yes"></status>
</test>
<doc>Eu sendo um cliente, devo adicionar um produto
ao meu carrinho e finalizar a compra.</doc>
<status status="PASS" starttime="20200802 13:40:10.030" endtime="20200802 13:41:36.220"></status>
</suite>
<statistics>
<total>
<stat pass="1" fail="0">Critical Tests</stat>
<stat pass="1" fail="0">All Tests</stat>
</total>
<tag>
<stat pass="1" fail="0">validaLogin</stat>
</tag>
<suite>
<stat pass="1" fail="0" id="s1" name="adicionarItemCarrinho">adicionarItemCarrinho</stat>
</suite>
</statistics>
<errors>
</errors>
</robot>
