<?xml version="1.0" encoding="UTF-8"?>
<robot generator="Robot 3.2.1 (Python 3.7.5 on linux)" generated="20200801 20:36:20.501" rpa="false">
<suite id="s1" name="adicionarItemCarrinho" source="/media/davidhalison/f971b11c-f1bf-4d4d-9f21-55bf66d0e452/MyNewProject/web/tests/adicionarItemCarrinho.robot">
<test id="s1-t1" name="Cenario 01: Devo ver o produto T-shirt na lista de compras">
<kw name="Open session" library="base" type="setup">
<kw name="Open Browser" library="SeleniumLibrary">
<doc>Opens a new browser instance to the optional ``url``.</doc>
<arguments>
<arg>${URL}</arg>
<arg>${BROWSER}</arg>
</arguments>
<msg timestamp="20200801 20:36:20.909" level="INFO">Opening browser 'chrome' to base url 'http://automationpractice.com/index.php'.</msg>
<status status="PASS" starttime="20200801 20:36:20.909" endtime="20200801 20:36:43.731"></status>
</kw>
<status status="PASS" starttime="20200801 20:36:20.907" endtime="20200801 20:36:43.732"></status>
</kw>
<kw name="Dado que eu acesso a pagina principal &quot;My Store&quot;" library="BDDpt-br">
<kw name="Run Keyword" library="BuiltIn">
<doc>Executes the given keyword with the given arguments.</doc>
<arguments>
<arg>${Keyword}</arg>
</arguments>
<kw name="que eu acesso a pagina principal &quot;My Store&quot;" library="kws">
<kw name="Title Should Be" library="SeleniumLibrary">
<doc>Verifies that the current page title equals ``title``.</doc>
<arguments>
<arg>${LOGO}</arg>
</arguments>
<msg timestamp="20200801 20:36:44.009" level="INFO">Page title is 'My Store'.</msg>
<status status="PASS" starttime="20200801 20:36:43.742" endtime="20200801 20:36:44.009"></status>
</kw>
<kw name="Page Should Contain" library="SeleniumLibrary">
<doc>Verifies that current page contains ``text``.</doc>
<arguments>
<arg>${LOGO}</arg>
</arguments>
<msg timestamp="20200801 20:36:44.059" level="INFO">Current page contains text 'My Store'.</msg>
<status status="PASS" starttime="20200801 20:36:44.010" endtime="20200801 20:36:44.059"></status>
</kw>
<status status="PASS" starttime="20200801 20:36:43.740" endtime="20200801 20:36:44.060"></status>
</kw>
<status status="PASS" starttime="20200801 20:36:43.736" endtime="20200801 20:36:44.060"></status>
</kw>
<status status="PASS" starttime="20200801 20:36:43.734" endtime="20200801 20:36:44.061"></status>
</kw>
<kw name="Quando eu escolher o meu produto &quot;T-shirt&quot;" library="BDDpt-br">
<kw name="Run Keyword" library="BuiltIn">
<doc>Executes the given keyword with the given arguments.</doc>
<arguments>
<arg>${Keyword}</arg>
</arguments>
<kw name="eu escolher o meu produto &quot;T-shirt&quot;" library="kws">
<kw name="Click Element" library="SeleniumLibrary">
<doc>Click the element identified by ``locator``.</doc>
<arguments>
<arg>${CAMPO_BUSCAR}</arg>
</arguments>
<msg timestamp="20200801 20:36:44.067" level="INFO">Clicking element 'id=search_query_top'.</msg>
<status status="PASS" starttime="20200801 20:36:44.066" endtime="20200801 20:36:44.264"></status>
</kw>
<kw name="Input Text" library="SeleniumLibrary">
<doc>Types the given ``text`` into the text field identified by ``locator``.</doc>
<arguments>
<arg>${CAMPO_BUSCAR}</arg>
<arg>${PRODUTO}</arg>
</arguments>
<msg timestamp="20200801 20:36:44.266" level="INFO">Typing text 'T-shirt' into text field 'id=search_query_top'.</msg>
<status status="PASS" starttime="20200801 20:36:44.265" endtime="20200801 20:36:44.570"></status>
</kw>
<kw name="Click Element" library="SeleniumLibrary">
<doc>Click the element identified by ``locator``.</doc>
<arguments>
<arg>${BOTAO_PESQUISAR}</arg>
</arguments>
<msg timestamp="20200801 20:36:44.572" level="INFO">Clicking element 'xpath=//*[@id="searchbox"]/button'.</msg>
<status status="PASS" starttime="20200801 20:36:44.571" endtime="20200801 20:36:46.043"></status>
</kw>
<status status="PASS" starttime="20200801 20:36:44.064" endtime="20200801 20:36:46.044"></status>
</kw>
<status status="PASS" starttime="20200801 20:36:44.063" endtime="20200801 20:36:46.044"></status>
</kw>
<status status="PASS" starttime="20200801 20:36:44.062" endtime="20200801 20:36:46.045"></status>
</kw>
<kw name="Entao devo adicionar meu pedido ao carrinho" library="BDDpt-br">
<kw name="Run Keyword" library="BuiltIn">
<doc>Executes the given keyword with the given arguments.</doc>
<arguments>
<arg>${Keyword}</arg>
</arguments>
<kw name="devo adicionar meu pedido ao carrinho" library="kws">
<kw name="Scroll Element Into View" library="SeleniumLibrary">
<doc>Scrolls the element identified by ``locator`` into view.</doc>
<arguments>
<arg>${FOCO_PRODUTO}</arg>
</arguments>
<status status="PASS" starttime="20200801 20:36:46.052" endtime="20200801 20:36:46.140"></status>
</kw>
<kw name="Sleep" library="BuiltIn">
<doc>Pauses the test executed for the given time.</doc>
<arguments>
<arg>2</arg>
</arguments>
<msg timestamp="20200801 20:36:48.142" level="INFO">Slept 2 seconds</msg>
<status status="PASS" starttime="20200801 20:36:46.140" endtime="20200801 20:36:48.142"></status>
</kw>
<kw name="Page Should Contain" library="SeleniumLibrary">
<doc>Verifies that current page contains ``text``.</doc>
<arguments>
<arg>${MSG_PRODUTO}</arg>
</arguments>
<msg timestamp="20200801 20:36:48.186" level="INFO">Current page contains text 'Faded Short Sleeve T-shirts'.</msg>
<status status="PASS" starttime="20200801 20:36:48.143" endtime="20200801 20:36:48.186"></status>
</kw>
<kw name="Click Element" library="SeleniumLibrary">
<doc>Click the element identified by ``locator``.</doc>
<arguments>
<arg>${BOTAO_ADICIONAR}</arg>
</arguments>
<msg timestamp="20200801 20:36:48.188" level="INFO">Clicking element 'xpath=//*[@id="center_column"]/ul/li/div/div[2]/div[2]/a[1]'.</msg>
<status status="PASS" starttime="20200801 20:36:48.187" endtime="20200801 20:36:48.342"></status>
</kw>
<kw name="Sleep" library="BuiltIn">
<doc>Pauses the test executed for the given time.</doc>
<arguments>
<arg>2</arg>
</arguments>
<msg timestamp="20200801 20:36:50.343" level="INFO">Slept 2 seconds</msg>
<status status="PASS" starttime="20200801 20:36:48.342" endtime="20200801 20:36:50.344"></status>
</kw>
<kw name="Get Text" library="SeleniumLibrary">
<doc>Returns the text value of the element identified by ``locator``.</doc>
<arguments>
<arg>${MENSAGEM_ALERTA}</arg>
</arguments>
<assign>
<var>${MENSAGEM}</var>
</assign>
<msg timestamp="20200801 20:36:50.421" level="INFO">${MENSAGEM} = Product successfully added to your shopping cart</msg>
<status status="PASS" starttime="20200801 20:36:50.345" endtime="20200801 20:36:50.421"></status>
</kw>
<kw name="Page Should Contain" library="SeleniumLibrary">
<doc>Verifies that current page contains ``text``.</doc>
<arguments>
<arg>${MENSAGEM}</arg>
</arguments>
<msg timestamp="20200801 20:36:50.459" level="INFO">Current page contains text 'Product successfully added to your shopping cart'.</msg>
<status status="PASS" starttime="20200801 20:36:50.422" endtime="20200801 20:36:50.459"></status>
</kw>
<kw name="Click Element" library="SeleniumLibrary">
<doc>Click the element identified by ``locator``.</doc>
<arguments>
<arg>${BOTAO_CECKOUT}</arg>
</arguments>
<msg timestamp="20200801 20:36:50.461" level="INFO">Clicking element 'xpath=//*[@id="layer_cart"]/div[1]/div[2]/div[4]/a'.</msg>
<status status="PASS" starttime="20200801 20:36:50.460" endtime="20200801 20:36:51.766"></status>
</kw>
<kw name="Scroll Element Into View" library="SeleniumLibrary">
<doc>Scrolls the element identified by ``locator`` into view.</doc>
<arguments>
<arg>${VALIDA_PRODUTO_CARRINHO}</arg>
</arguments>
<status status="PASS" starttime="20200801 20:36:51.767" endtime="20200801 20:36:51.895"></status>
</kw>
<kw name="Sleep" library="BuiltIn">
<doc>Pauses the test executed for the given time.</doc>
<arguments>
<arg>2</arg>
</arguments>
<msg timestamp="20200801 20:36:53.896" level="INFO">Slept 2 seconds</msg>
<status status="PASS" starttime="20200801 20:36:51.895" endtime="20200801 20:36:53.897"></status>
</kw>
<kw name="Page Should Contain" library="SeleniumLibrary">
<doc>Verifies that current page contains ``text``.</doc>
<arguments>
<arg>${MSG_PRODUTO}</arg>
</arguments>
<msg timestamp="20200801 20:36:53.928" level="INFO">Current page contains text 'Faded Short Sleeve T-shirts'.</msg>
<status status="PASS" starttime="20200801 20:36:53.897" endtime="20200801 20:36:53.929"></status>
</kw>
<status status="PASS" starttime="20200801 20:36:46.050" endtime="20200801 20:36:53.930"></status>
</kw>
<status status="PASS" starttime="20200801 20:36:46.048" endtime="20200801 20:36:53.930"></status>
</kw>
<status status="PASS" starttime="20200801 20:36:46.046" endtime="20200801 20:36:53.931"></status>
</kw>
<kw name="Close session" library="base" type="teardown">
<kw name="Close Browser" library="SeleniumLibrary">
<doc>Closes the current browser.</doc>
<status status="PASS" starttime="20200801 20:36:53.935" endtime="20200801 20:36:54.023"></status>
</kw>
<status status="PASS" starttime="20200801 20:36:53.933" endtime="20200801 20:36:54.024"></status>
</kw>
<status status="PASS" starttime="20200801 20:36:20.905" endtime="20200801 20:36:54.025" critical="yes"></status>
</test>
<doc>Eu sendo um cliente, devo adicionar um produto
ao meu carrinho e finalizar a compra.</doc>
<status status="PASS" starttime="20200801 20:36:20.505" endtime="20200801 20:36:54.030"></status>
</suite>
<statistics>
<total>
<stat pass="1" fail="0">Critical Tests</stat>
<stat pass="1" fail="0">All Tests</stat>
</total>
<tag>
</tag>
<suite>
<stat pass="1" fail="0" id="s1" name="adicionarItemCarrinho">adicionarItemCarrinho</stat>
</suite>
</statistics>
<errors>
</errors>
</robot>
