<?xml version="1.0" encoding="UTF-8"?>
<robot generator="Robot 3.2.1 (Python 3.8.5 on darwin)" generated="20200816 08:15:06.800" rpa="false">
<suite id="s1" name="adicionarItemCarrinho" source="/Users/davidnascimento/Documents/projetos/MyNewProject/web/tests/adicionarItemCarrinho.robot">
<test id="s1-t1" name="Cenario 01: Devo ver o produto T-shirt na lista de compras">
<kw name="Open session" library="base" type="setup">
<kw name="Open Browser" library="SeleniumLibrary">
<doc>Opens a new browser instance to the optional ``url``.</doc>
<arguments>
<arg>${URL}</arg>
<arg>${BROWSER}</arg>
</arguments>
<msg timestamp="20200816 08:15:07.756" level="INFO">Opening browser 'chrome' to base url 'http://automationpractice.com/index.php'.</msg>
<status status="PASS" starttime="20200816 08:15:07.742" endtime="20200816 08:15:27.923"></status>
</kw>
<status status="PASS" starttime="20200816 08:15:07.716" endtime="20200816 08:15:27.924"></status>
</kw>
<kw name="Dado que eu acesso a pagina principal &quot;My Store&quot;" library="BDDpt-br">
<kw name="Run Keyword" library="BuiltIn">
<doc>Executes the given keyword with the given arguments.</doc>
<arguments>
<arg>${Keyword}</arg>
</arguments>
<kw name="que eu acesso a pagina principal &quot;My Store&quot;" library="kws">
<kw name="Title Should Be" library="SeleniumLibrary">
<doc>Verifies that the current page title equals ``title``.</doc>
<arguments>
<arg>${LOGO}</arg>
</arguments>
<msg timestamp="20200816 08:15:28.129" level="INFO">Page title is 'My Store'.</msg>
<status status="PASS" starttime="20200816 08:15:27.931" endtime="20200816 08:15:28.130"></status>
</kw>
<kw name="Page Should Contain" library="SeleniumLibrary">
<doc>Verifies that current page contains ``text``.</doc>
<arguments>
<arg>${LOGO}</arg>
</arguments>
<msg timestamp="20200816 08:15:28.289" level="INFO">Current page contains text 'My Store'.</msg>
<status status="PASS" starttime="20200816 08:15:28.130" endtime="20200816 08:15:28.291"></status>
</kw>
<status status="PASS" starttime="20200816 08:15:27.930" endtime="20200816 08:15:28.292"></status>
</kw>
<status status="PASS" starttime="20200816 08:15:27.929" endtime="20200816 08:15:28.292"></status>
</kw>
<status status="PASS" starttime="20200816 08:15:27.926" endtime="20200816 08:15:28.292"></status>
</kw>
<kw name="Quando eu escolher o meu produto &quot;T-shirt&quot;" library="BDDpt-br">
<kw name="Run Keyword" library="BuiltIn">
<doc>Executes the given keyword with the given arguments.</doc>
<arguments>
<arg>${Keyword}</arg>
</arguments>
<kw name="eu escolher o meu produto &quot;T-shirt&quot;" library="kws">
<kw name="Click Element" library="SeleniumLibrary">
<doc>Click the element identified by ``locator``.</doc>
<arguments>
<arg>${CAMPO_BUSCAR}</arg>
</arguments>
<msg timestamp="20200816 08:15:28.303" level="INFO">Clicking element 'id=search_query_top'.</msg>
<status status="PASS" starttime="20200816 08:15:28.302" endtime="20200816 08:15:28.836"></status>
</kw>
<kw name="Input Text" library="SeleniumLibrary">
<doc>Types the given ``text`` into the text field identified by ``locator``.</doc>
<arguments>
<arg>${CAMPO_BUSCAR}</arg>
<arg>${PRODUTO}</arg>
</arguments>
<msg timestamp="20200816 08:15:28.837" level="INFO">Typing text 'T-shirt' into text field 'id=search_query_top'.</msg>
<status status="PASS" starttime="20200816 08:15:28.836" endtime="20200816 08:15:29.297"></status>
</kw>
<kw name="Click Element" library="SeleniumLibrary">
<doc>Click the element identified by ``locator``.</doc>
<arguments>
<arg>${BOTAO_PESQUISAR}</arg>
</arguments>
<msg timestamp="20200816 08:15:29.298" level="INFO">Clicking element 'xpath=//*[@id="searchbox"]/button'.</msg>
<status status="PASS" starttime="20200816 08:15:29.297" endtime="20200816 08:15:31.705"></status>
</kw>
<status status="PASS" starttime="20200816 08:15:28.296" endtime="20200816 08:15:31.706"></status>
</kw>
<status status="PASS" starttime="20200816 08:15:28.294" endtime="20200816 08:15:31.706"></status>
</kw>
<status status="PASS" starttime="20200816 08:15:28.293" endtime="20200816 08:15:31.706"></status>
</kw>
<kw name="Entao devo adicionar meu pedido ao carrinho" library="BDDpt-br">
<kw name="Run Keyword" library="BuiltIn">
<doc>Executes the given keyword with the given arguments.</doc>
<arguments>
<arg>${Keyword}</arg>
</arguments>
<kw name="devo adicionar meu pedido ao carrinho" library="kws">
<kw name="Scroll Element Into View" library="SeleniumLibrary">
<doc>Scrolls the element identified by ``locator`` into view.</doc>
<arguments>
<arg>${FOCO_PRODUTO}</arg>
</arguments>
<status status="PASS" starttime="20200816 08:15:31.711" endtime="20200816 08:15:32.127"></status>
</kw>
<kw name="Sleep" library="BuiltIn">
<doc>Pauses the test executed for the given time.</doc>
<arguments>
<arg>2</arg>
</arguments>
<msg timestamp="20200816 08:15:34.133" level="INFO">Slept 2 seconds</msg>
<status status="PASS" starttime="20200816 08:15:32.128" endtime="20200816 08:15:34.134"></status>
</kw>
<kw name="Page Should Contain" library="SeleniumLibrary">
<doc>Verifies that current page contains ``text``.</doc>
<arguments>
<arg>${MSG_PRODUTO}</arg>
</arguments>
<msg timestamp="20200816 08:15:34.345" level="INFO">Current page contains text 'Faded Short Sleeve T-shirts'.</msg>
<status status="PASS" starttime="20200816 08:15:34.134" endtime="20200816 08:15:34.346"></status>
</kw>
<kw name="Click Element" library="SeleniumLibrary">
<doc>Click the element identified by ``locator``.</doc>
<arguments>
<arg>${BOTAO_ADICIONAR}</arg>
</arguments>
<msg timestamp="20200816 08:15:34.347" level="INFO">Clicking element 'xpath=//*[@id="center_column"]/ul/li/div/div[2]/div[2]/a[1]'.</msg>
<status status="PASS" starttime="20200816 08:15:34.346" endtime="20200816 08:15:34.570"></status>
</kw>
<kw name="Sleep" library="BuiltIn">
<doc>Pauses the test executed for the given time.</doc>
<arguments>
<arg>2</arg>
</arguments>
<msg timestamp="20200816 08:15:36.572" level="INFO">Slept 2 seconds</msg>
<status status="PASS" starttime="20200816 08:15:34.571" endtime="20200816 08:15:36.573"></status>
</kw>
<kw name="Get Text" library="SeleniumLibrary">
<doc>Returns the text value of the element identified by ``locator``.</doc>
<arguments>
<arg>${MENSAGEM_ALERTA}</arg>
</arguments>
<assign>
<var>${MENSAGEM}</var>
</assign>
<msg timestamp="20200816 08:15:36.647" level="INFO">${MENSAGEM} = Product successfully added to your shopping cart</msg>
<status status="PASS" starttime="20200816 08:15:36.574" endtime="20200816 08:15:36.648"></status>
</kw>
<kw name="Page Should Contain" library="SeleniumLibrary">
<doc>Verifies that current page contains ``text``.</doc>
<arguments>
<arg>${MENSAGEM}</arg>
</arguments>
<msg timestamp="20200816 08:15:36.696" level="INFO">Current page contains text 'Product successfully added to your shopping cart'.</msg>
<status status="PASS" starttime="20200816 08:15:36.648" endtime="20200816 08:15:36.697"></status>
</kw>
<kw name="Click Element" library="SeleniumLibrary">
<doc>Click the element identified by ``locator``.</doc>
<arguments>
<arg>${BOTAO_CECKOUT}</arg>
</arguments>
<msg timestamp="20200816 08:15:36.698" level="INFO">Clicking element 'xpath=//*[@id="layer_cart"]/div[1]/div[2]/div[4]/a'.</msg>
<status status="PASS" starttime="20200816 08:15:36.697" endtime="20200816 08:15:38.915"></status>
</kw>
<kw name="Scroll Element Into View" library="SeleniumLibrary">
<doc>Scrolls the element identified by ``locator`` into view.</doc>
<arguments>
<arg>${VALIDA_PRODUTO_CARRINHO}</arg>
</arguments>
<status status="PASS" starttime="20200816 08:15:38.916" endtime="20200816 08:15:39.345"></status>
</kw>
<kw name="Sleep" library="BuiltIn">
<doc>Pauses the test executed for the given time.</doc>
<arguments>
<arg>2</arg>
</arguments>
<msg timestamp="20200816 08:15:41.348" level="INFO">Slept 2 seconds</msg>
<status status="PASS" starttime="20200816 08:15:39.346" endtime="20200816 08:15:41.348"></status>
</kw>
<kw name="Page Should Contain" library="SeleniumLibrary">
<doc>Verifies that current page contains ``text``.</doc>
<arguments>
<arg>${MSG_PRODUTO}</arg>
</arguments>
<msg timestamp="20200816 08:15:41.400" level="INFO">Current page contains text 'Faded Short Sleeve T-shirts'.</msg>
<status status="PASS" starttime="20200816 08:15:41.349" endtime="20200816 08:15:41.401"></status>
</kw>
<status status="PASS" starttime="20200816 08:15:31.709" endtime="20200816 08:15:41.403"></status>
</kw>
<status status="PASS" starttime="20200816 08:15:31.708" endtime="20200816 08:15:41.405"></status>
</kw>
<status status="PASS" starttime="20200816 08:15:31.707" endtime="20200816 08:15:41.406"></status>
</kw>
<kw name="Close session" library="base" type="teardown">
<kw name="Close Browser" library="SeleniumLibrary">
<doc>Closes the current browser.</doc>
<status status="PASS" starttime="20200816 08:15:41.408" endtime="20200816 08:15:42.147"></status>
</kw>
<status status="PASS" starttime="20200816 08:15:41.407" endtime="20200816 08:15:42.147"></status>
</kw>
<status status="PASS" starttime="20200816 08:15:07.689" endtime="20200816 08:15:42.148" critical="yes"></status>
</test>
<test id="s1-t2" name="Cenario 02: Deve criar uma nova conta">
<kw name="Open session" library="base" type="setup">
<kw name="Open Browser" library="SeleniumLibrary">
<doc>Opens a new browser instance to the optional ``url``.</doc>
<arguments>
<arg>${URL}</arg>
<arg>${BROWSER}</arg>
</arguments>
<msg timestamp="20200816 08:15:42.164" level="INFO">Opening browser 'chrome' to base url 'http://automationpractice.com/index.php'.</msg>
<status status="PASS" starttime="20200816 08:15:42.163" endtime="20200816 08:15:53.626"></status>
</kw>
<status status="PASS" starttime="20200816 08:15:42.161" endtime="20200816 08:15:53.628"></status>
</kw>
<kw name="Dado que eu esteja na pagina principal e clico em Sign in" library="BDDpt-br">
<kw name="Run Keyword" library="BuiltIn">
<doc>Executes the given keyword with the given arguments.</doc>
<arguments>
<arg>${Keyword}</arg>
</arguments>
<kw name="que eu esteja na pagina principal e clico em Sign in" library="kwsCadastro">
<kw name="Sleep" library="BuiltIn">
<doc>Pauses the test executed for the given time.</doc>
<arguments>
<arg>2</arg>
</arguments>
<msg timestamp="20200816 08:15:55.642" level="INFO">Slept 2 seconds</msg>
<status status="PASS" starttime="20200816 08:15:53.634" endtime="20200816 08:15:55.643"></status>
</kw>
<kw name="Click Element" library="SeleniumLibrary">
<doc>Click the element identified by ``locator``.</doc>
<arguments>
<arg>${BOTAO_CADASTRO}</arg>
</arguments>
<msg timestamp="20200816 08:15:55.646" level="INFO">Clicking element 'xpath=//*[@id="header"]/div[2]/div/div/nav/div[1]/a'.</msg>
<status status="PASS" starttime="20200816 08:15:55.645" endtime="20200816 08:15:58.173"></status>
</kw>
<status status="PASS" starttime="20200816 08:15:53.632" endtime="20200816 08:15:58.173"></status>
</kw>
<status status="PASS" starttime="20200816 08:15:53.631" endtime="20200816 08:15:58.174"></status>
</kw>
<status status="PASS" starttime="20200816 08:15:53.629" endtime="20200816 08:15:58.174"></status>
</kw>
<kw name="Quando estiver na pagina &quot;Create an account&quot;" library="BDDpt-br">
<kw name="Run Keyword" library="BuiltIn">
<doc>Executes the given keyword with the given arguments.</doc>
<arguments>
<arg>${Keyword}</arg>
</arguments>
<kw name="estiver na pagina &quot;Create an account&quot;" library="kwsCadastro">
<kw name="Scroll Element Into View" library="SeleniumLibrary">
<doc>Scrolls the element identified by ``locator`` into view.</doc>
<arguments>
<arg>${SCROLL_EMAIL}</arg>
</arguments>
<status status="PASS" starttime="20200816 08:15:58.178" endtime="20200816 08:15:58.569"></status>
</kw>
<kw name="Sleep" library="BuiltIn">
<doc>Pauses the test executed for the given time.</doc>
<arguments>
<arg>2</arg>
</arguments>
<msg timestamp="20200816 08:16:00.571" level="INFO">Slept 2 seconds</msg>
<status status="PASS" starttime="20200816 08:15:58.570" endtime="20200816 08:16:00.571"></status>
</kw>
<kw name="Click Element" library="SeleniumLibrary">
<doc>Click the element identified by ``locator``.</doc>
<arguments>
<arg>${CAMPO_EMAIL}</arg>
</arguments>
<msg timestamp="20200816 08:16:00.575" level="INFO">Clicking element 'xpath=//*[@id="email_create"]'.</msg>
<status status="PASS" starttime="20200816 08:16:00.574" endtime="20200816 08:16:01.120"></status>
</kw>
<kw name="Input Text" library="SeleniumLibrary">
<doc>Types the given ``text`` into the text field identified by ``locator``.</doc>
<arguments>
<arg>${CAMPO_EMAIL}</arg>
<arg>halison@io.io</arg>
</arguments>
<msg timestamp="20200816 08:16:01.121" level="INFO">Typing text 'halison@io.io' into text field 'xpath=//*[@id="email_create"]'.</msg>
<status status="PASS" starttime="20200816 08:16:01.120" endtime="20200816 08:16:01.503"></status>
</kw>
<kw name="Sleep" library="BuiltIn">
<doc>Pauses the test executed for the given time.</doc>
<arguments>
<arg>2</arg>
</arguments>
<msg timestamp="20200816 08:16:03.509" level="INFO">Slept 2 seconds</msg>
<status status="PASS" starttime="20200816 08:16:01.504" endtime="20200816 08:16:03.510"></status>
</kw>
<kw name="Click Element" library="SeleniumLibrary">
<doc>Click the element identified by ``locator``.</doc>
<arguments>
<arg>${SCROLL_EMAIL}</arg>
</arguments>
<msg timestamp="20200816 08:16:03.513" level="INFO">Clicking element 'xpath=//*[@id="SubmitCreate"]'.</msg>
<status status="PASS" starttime="20200816 08:16:03.512" endtime="20200816 08:16:03.937"></status>
</kw>
<kw name="Page Should Contain" library="SeleniumLibrary">
<doc>Verifies that current page contains ``text``.</doc>
<arguments>
<arg>${MSG_ESPERADA}</arg>
</arguments>
<msg timestamp="20200816 08:16:04.106" level="INFO">Current page contains text 'Create an account'.</msg>
<status status="PASS" starttime="20200816 08:16:03.938" endtime="20200816 08:16:04.106"></status>
</kw>
<status status="PASS" starttime="20200816 08:15:58.177" endtime="20200816 08:16:04.107"></status>
</kw>
<status status="PASS" starttime="20200816 08:15:58.176" endtime="20200816 08:16:04.107"></status>
</kw>
<status status="PASS" starttime="20200816 08:15:58.175" endtime="20200816 08:16:04.108"></status>
</kw>
<kw name="Entao devo criar uma nova conta" library="BDDpt-br">
<kw name="Run Keyword" library="BuiltIn">
<doc>Executes the given keyword with the given arguments.</doc>
<arguments>
<arg>${Keyword}</arg>
</arguments>
<kw name="devo criar uma nova conta" library="kwsCadastro">
<kw name="Sleep" library="BuiltIn">
<doc>Pauses the test executed for the given time.</doc>
<arguments>
<arg>5</arg>
</arguments>
<msg timestamp="20200816 08:16:09.113" level="INFO">Slept 5 seconds</msg>
<status status="PASS" starttime="20200816 08:16:04.112" endtime="20200816 08:16:09.113"></status>
</kw>
<kw name="Click Element" library="SeleniumLibrary">
<doc>Click the element identified by ``locator``.</doc>
<arguments>
<arg>${BTN_MR}</arg>
</arguments>
<msg timestamp="20200816 08:16:09.115" level="INFO">Clicking element 'xpath=//*[@id="id_gender1"]'.</msg>
<status status="PASS" starttime="20200816 08:16:09.114" endtime="20200816 08:16:09.336"></status>
</kw>
<kw name="Scroll Element Into View" library="SeleniumLibrary">
<doc>Scrolls the element identified by ``locator`` into view.</doc>
<arguments>
<arg>${CAMPO_NOME}</arg>
</arguments>
<status status="PASS" starttime="20200816 08:16:09.337" endtime="20200816 08:16:09.654"></status>
</kw>
<kw name="Input Text" library="SeleniumLibrary">
<doc>Types the given ``text`` into the text field identified by ``locator``.</doc>
<arguments>
<arg>${CAMPO_NOME}</arg>
<arg>David</arg>
</arguments>
<msg timestamp="20200816 08:16:09.656" level="INFO">Typing text 'David' into text field 'xpath=//*[@id="customer_firstname"]'.</msg>
<status status="PASS" starttime="20200816 08:16:09.654" endtime="20200816 08:16:10.172"></status>
</kw>
<kw name="Input Text" library="SeleniumLibrary">
<doc>Types the given ``text`` into the text field identified by ``locator``.</doc>
<arguments>
<arg>${CAMPO_SOBRE_NOME}</arg>
<arg>Halison</arg>
</arguments>
<msg timestamp="20200816 08:16:10.173" level="INFO">Typing text 'Halison' into text field 'xpath=//*[@id="customer_lastname"]'.</msg>
<status status="PASS" starttime="20200816 08:16:10.172" endtime="20200816 08:16:10.562"></status>
</kw>
<kw name="Scroll Element Into View" library="SeleniumLibrary">
<doc>Scrolls the element identified by ``locator`` into view.</doc>
<arguments>
<arg>${CAMPO_SENHA}</arg>
</arguments>
<status status="PASS" starttime="20200816 08:16:10.563" endtime="20200816 08:16:10.892"></status>
</kw>
<kw name="Input Text" library="SeleniumLibrary">
<doc>Types the given ``text`` into the text field identified by ``locator``.</doc>
<arguments>
<arg>${CAMPO_SENHA}</arg>
<arg>123456</arg>
</arguments>
<msg timestamp="20200816 08:16:10.894" level="INFO">Typing text '123456' into text field 'xpath=//*[@id="passwd"]'.</msg>
<status status="PASS" starttime="20200816 08:16:10.893" endtime="20200816 08:16:11.578"></status>
</kw>
<kw name="Scroll Element Into View" library="SeleniumLibrary">
<doc>Scrolls the element identified by ``locator`` into view.</doc>
<arguments>
<arg>${ENDERECO_COBRANCA}</arg>
</arguments>
<status status="PASS" starttime="20200816 08:16:11.578" endtime="20200816 08:16:12.110"></status>
</kw>
<kw name="Sleep" library="BuiltIn">
<doc>Pauses the test executed for the given time.</doc>
<arguments>
<arg>2</arg>
</arguments>
<msg timestamp="20200816 08:16:14.112" level="INFO">Slept 2 seconds</msg>
<status status="PASS" starttime="20200816 08:16:12.111" endtime="20200816 08:16:14.113"></status>
</kw>
<kw name="Click Element" library="SeleniumLibrary">
<doc>Click the element identified by ``locator``.</doc>
<arguments>
<arg>${DATA_DIA}</arg>
</arguments>
<msg timestamp="20200816 08:16:14.117" level="INFO">Clicking element 'xpath=//*[@id="days"]'.</msg>
<status status="PASS" starttime="20200816 08:16:14.115" endtime="20200816 08:16:14.506"></status>
</kw>
<kw name="Click Element" library="SeleniumLibrary">
<doc>Click the element identified by ``locator``.</doc>
<arguments>
<arg>${DATA_DIA_OPCAO}</arg>
</arguments>
<msg timestamp="20200816 08:16:14.509" level="INFO">Clicking element 'xpath=//*[@id="days"]/option[11]'.</msg>
<status status="PASS" starttime="20200816 08:16:14.507" endtime="20200816 08:16:15.097"></status>
</kw>
<kw name="Sleep" library="BuiltIn">
<doc>Pauses the test executed for the given time.</doc>
<arguments>
<arg>2</arg>
</arguments>
<msg timestamp="20200816 08:16:17.098" level="INFO">Slept 2 seconds</msg>
<status status="PASS" starttime="20200816 08:16:15.097" endtime="20200816 08:16:17.100"></status>
</kw>
<kw name="Click Element" library="SeleniumLibrary">
<doc>Click the element identified by ``locator``.</doc>
<arguments>
<arg>${DATA_MES}</arg>
</arguments>
<msg timestamp="20200816 08:16:17.102" level="INFO">Clicking element 'xpath=//*[@id="months"]'.</msg>
<status status="PASS" starttime="20200816 08:16:17.101" endtime="20200816 08:16:17.648"></status>
</kw>
<kw name="Click Element" library="SeleniumLibrary">
<doc>Click the element identified by ``locator``.</doc>
<arguments>
<arg>${DATA_MES_OPCAO}</arg>
</arguments>
<msg timestamp="20200816 08:16:17.650" level="INFO">Clicking element 'xpath=//*[@id="months"]/option[07]'.</msg>
<status status="PASS" starttime="20200816 08:16:17.648" endtime="20200816 08:16:18.096"></status>
</kw>
<kw name="Sleep" library="BuiltIn">
<doc>Pauses the test executed for the given time.</doc>
<arguments>
<arg>2</arg>
</arguments>
<msg timestamp="20200816 08:16:20.098" level="INFO">Slept 2 seconds</msg>
<status status="PASS" starttime="20200816 08:16:18.096" endtime="20200816 08:16:20.099"></status>
</kw>
<kw name="Click Element" library="SeleniumLibrary">
<doc>Click the element identified by ``locator``.</doc>
<arguments>
<arg>${DATA_ANO}</arg>
</arguments>
<msg timestamp="20200816 08:16:20.104" level="INFO">Clicking element 'xpath=//*[@id="years"]'.</msg>
<status status="PASS" starttime="20200816 08:16:20.103" endtime="20200816 08:16:20.561"></status>
</kw>
<kw name="Click Element" library="SeleniumLibrary">
<doc>Click the element identified by ``locator``.</doc>
<arguments>
<arg>${DATA_ANO_OPCAO}</arg>
</arguments>
<msg timestamp="20200816 08:16:20.562" level="INFO">Clicking element 'xpath=//*[@id="years"]/option[27]'.</msg>
<status status="PASS" starttime="20200816 08:16:20.561" endtime="20200816 08:16:21.027"></status>
</kw>
<kw name="Sleep" library="BuiltIn">
<doc>Pauses the test executed for the given time.</doc>
<arguments>
<arg>5</arg>
</arguments>
<msg timestamp="20200816 08:16:26.031" level="INFO">Slept 5 seconds</msg>
<status status="PASS" starttime="20200816 08:16:21.028" endtime="20200816 08:16:26.031"></status>
</kw>
<status status="PASS" starttime="20200816 08:16:04.111" endtime="20200816 08:16:26.032"></status>
</kw>
<status status="PASS" starttime="20200816 08:16:04.110" endtime="20200816 08:16:26.033"></status>
</kw>
<status status="PASS" starttime="20200816 08:16:04.108" endtime="20200816 08:16:26.034"></status>
</kw>
<kw name="Close session" library="base" type="teardown">
<kw name="Close Browser" library="SeleniumLibrary">
<doc>Closes the current browser.</doc>
<status status="PASS" starttime="20200816 08:16:26.036" endtime="20200816 08:16:26.538"></status>
</kw>
<status status="PASS" starttime="20200816 08:16:26.035" endtime="20200816 08:16:26.539"></status>
</kw>
<tags>
<tag>validaLogin</tag>
</tags>
<status status="PASS" starttime="20200816 08:15:42.159" endtime="20200816 08:16:26.539" critical="yes"></status>
</test>
<doc>Eu sendo um cliente, devo adicionar um produto
ao meu carrinho e finalizar a compra.</doc>
<status status="PASS" starttime="20200816 08:15:06.808" endtime="20200816 08:16:26.543"></status>
</suite>
<statistics>
<total>
<stat pass="2" fail="0">Critical Tests</stat>
<stat pass="2" fail="0">All Tests</stat>
</total>
<tag>
<stat pass="1" fail="0">validaLogin</stat>
</tag>
<suite>
<stat pass="2" fail="0" id="s1" name="adicionarItemCarrinho">adicionarItemCarrinho</stat>
</suite>
</statistics>
<errors>
</errors>
</robot>
