<?xml version="1.0" encoding="UTF-8"?>
<robot generator="Robot 3.2.1 (Python 3.7.5 on linux)" generated="20200729 21:02:10.872" rpa="false">
<suite id="s1" name="adicionarItemCarrinho" source="/media/davidhalison/f971b11c-f1bf-4d4d-9f21-55bf66d0e452/MyNewProject/web/tests/adicionarItemCarrinho.robot">
<test id="s1-t1" name="Cenario 01: Devo ver o produto T-shirt na lista de compras">
<kw name="Open session" library="base" type="setup">
<kw name="Open Browser" library="SeleniumLibrary">
<doc>Opens a new browser instance to the optional ``url``.</doc>
<arguments>
<arg>${URL}</arg>
<arg>${BROWSER}</arg>
</arguments>
<msg timestamp="20200729 21:02:11.271" level="INFO">Opening browser 'chrome' to base url 'http://automationpractice.com/index.php'.</msg>
<status status="PASS" starttime="20200729 21:02:11.270" endtime="20200729 21:03:54.045"></status>
</kw>
<status status="PASS" starttime="20200729 21:02:11.269" endtime="20200729 21:03:54.046"></status>
</kw>
<kw name="Dado que eu acesso a pagina principal &quot;My Store&quot;" library="BDDpt-br">
<kw name="Run Keyword" library="BuiltIn">
<doc>Executes the given keyword with the given arguments.</doc>
<arguments>
<arg>${Keyword}</arg>
</arguments>
<kw name="que eu acesso a pagina principal &quot;My Store&quot;" library="kws">
<kw name="Title Should Be" library="SeleniumLibrary">
<doc>Verifies that the current page title equals ``title``.</doc>
<arguments>
<arg>${LOGO}</arg>
</arguments>
<msg timestamp="20200729 21:03:54.084" level="INFO">Page title is 'My Store'.</msg>
<status status="PASS" starttime="20200729 21:03:54.054" endtime="20200729 21:03:54.084"></status>
</kw>
<kw name="Page Should Contain" library="SeleniumLibrary">
<doc>Verifies that current page contains ``text``.</doc>
<arguments>
<arg>${LOGO}</arg>
</arguments>
<msg timestamp="20200729 21:03:54.149" level="INFO">Current page contains text 'My Store'.</msg>
<status status="PASS" starttime="20200729 21:03:54.085" endtime="20200729 21:03:54.149"></status>
</kw>
<status status="PASS" starttime="20200729 21:03:54.052" endtime="20200729 21:03:54.150"></status>
</kw>
<status status="PASS" starttime="20200729 21:03:54.050" endtime="20200729 21:03:54.150"></status>
</kw>
<status status="PASS" starttime="20200729 21:03:54.048" endtime="20200729 21:03:54.150"></status>
</kw>
<kw name="Quando eu escolher o meu produto &quot;T-shirt&quot;" library="BDDpt-br">
<kw name="Run Keyword" library="BuiltIn">
<doc>Executes the given keyword with the given arguments.</doc>
<arguments>
<arg>${Keyword}</arg>
</arguments>
<kw name="eu escolher o meu produto &quot;T-shirt&quot;" library="kws">
<kw name="Click Element" library="SeleniumLibrary">
<doc>Click the element identified by ``locator``.</doc>
<arguments>
<arg>${CAMPO_BUSCAR}</arg>
</arguments>
<msg timestamp="20200729 21:03:54.155" level="INFO">Clicking element 'id=search_query_top'.</msg>
<status status="PASS" starttime="20200729 21:03:54.155" endtime="20200729 21:03:54.431"></status>
</kw>
<kw name="Input Text" library="SeleniumLibrary">
<doc>Types the given ``text`` into the text field identified by ``locator``.</doc>
<arguments>
<arg>${CAMPO_BUSCAR}</arg>
<arg>${PRODUTO}</arg>
</arguments>
<msg timestamp="20200729 21:03:54.433" level="INFO">Typing text 'T-shirt' into text field 'id=search_query_top'.</msg>
<status status="PASS" starttime="20200729 21:03:54.432" endtime="20200729 21:03:54.706"></status>
</kw>
<kw name="Click Element" library="SeleniumLibrary">
<doc>Click the element identified by ``locator``.</doc>
<arguments>
<arg>${BOTAO_PESQUISAR}</arg>
</arguments>
<msg timestamp="20200729 21:03:54.707" level="INFO">Clicking element 'xpath=//*[@id="searchbox"]/button'.</msg>
<kw name="Capture Page Screenshot" library="SeleniumLibrary">
<doc>Takes a screenshot of the current page and embeds it into a log file.</doc>
<status status="FAIL" starttime="20200729 21:06:50.050" endtime="20200729 21:06:50.051"></status>
</kw>
<msg timestamp="20200729 21:06:50.052" level="WARN">Keyword 'Capture Page Screenshot' could not be run on failure: Execution terminated by signal</msg>
<status status="FAIL" starttime="20200729 21:03:54.706" endtime="20200729 21:06:50.053"></status>
</kw>
<status status="FAIL" starttime="20200729 21:03:54.153" endtime="20200729 21:06:50.054"></status>
</kw>
<status status="FAIL" starttime="20200729 21:03:54.153" endtime="20200729 21:06:50.054"></status>
</kw>
<status status="FAIL" starttime="20200729 21:03:54.151" endtime="20200729 21:06:50.054"></status>
</kw>
<kw name="Close session" library="base" type="teardown">
<kw name="Close Browser" library="SeleniumLibrary">
<doc>Closes the current browser.</doc>
<msg timestamp="20200729 21:06:50.059" level="WARN">Retrying (Retry(total=2, connect=None, read=None, redirect=None, status=None)) after connection broken by 'NewConnectionError('&lt;urllib3.connection.HTTPConnection object at 0x7fed7c2b52d0&gt;: Failed to establish a new connection: [Errno 111] Connection refused')': /session/7812d16e11d7fc1dd27f0a32aa6ca4cf</msg>
<msg timestamp="20200729 21:06:50.062" level="WARN">Retrying (Retry(total=1, connect=None, read=None, redirect=None, status=None)) after connection broken by 'NewConnectionError('&lt;urllib3.connection.HTTPConnection object at 0x7fed7c2becd0&gt;: Failed to establish a new connection: [Errno 111] Connection refused')': /session/7812d16e11d7fc1dd27f0a32aa6ca4cf</msg>
<msg timestamp="20200729 21:06:50.064" level="WARN">Retrying (Retry(total=0, connect=None, read=None, redirect=None, status=None)) after connection broken by 'NewConnectionError('&lt;urllib3.connection.HTTPConnection object at 0x7fed7c2bef50&gt;: Failed to establish a new connection: [Errno 111] Connection refused')': /session/7812d16e11d7fc1dd27f0a32aa6ca4cf</msg>
<status status="PASS" starttime="20200729 21:06:50.057" endtime="20200729 21:06:50.069"></status>
</kw>
<status status="PASS" starttime="20200729 21:06:50.056" endtime="20200729 21:06:50.070"></status>
</kw>
<status status="FAIL" starttime="20200729 21:02:11.267" endtime="20200729 21:06:50.070" critical="yes">Execution terminated by signal</status>
</test>
<doc>Eu sendo um cliente, devo adicionar um produto
ao meu carrinho e finalizar a compra.</doc>
<status status="FAIL" starttime="20200729 21:02:10.875" endtime="20200729 21:06:50.073"></status>
</suite>
<statistics>
<total>
<stat pass="0" fail="1">Critical Tests</stat>
<stat pass="0" fail="1">All Tests</stat>
</total>
<tag>
</tag>
<suite>
<stat pass="0" fail="1" id="s1" name="adicionarItemCarrinho">adicionarItemCarrinho</stat>
</suite>
</statistics>
<errors>
<msg timestamp="20200729 21:06:50.052" level="WARN">Keyword 'Capture Page Screenshot' could not be run on failure: Execution terminated by signal</msg>
<msg timestamp="20200729 21:06:50.059" level="WARN">Retrying (Retry(total=2, connect=None, read=None, redirect=None, status=None)) after connection broken by 'NewConnectionError('&lt;urllib3.connection.HTTPConnection object at 0x7fed7c2b52d0&gt;: Failed to establish a new connection: [Errno 111] Connection refused')': /session/7812d16e11d7fc1dd27f0a32aa6ca4cf</msg>
<msg timestamp="20200729 21:06:50.062" level="WARN">Retrying (Retry(total=1, connect=None, read=None, redirect=None, status=None)) after connection broken by 'NewConnectionError('&lt;urllib3.connection.HTTPConnection object at 0x7fed7c2becd0&gt;: Failed to establish a new connection: [Errno 111] Connection refused')': /session/7812d16e11d7fc1dd27f0a32aa6ca4cf</msg>
<msg timestamp="20200729 21:06:50.064" level="WARN">Retrying (Retry(total=0, connect=None, read=None, redirect=None, status=None)) after connection broken by 'NewConnectionError('&lt;urllib3.connection.HTTPConnection object at 0x7fed7c2bef50&gt;: Failed to establish a new connection: [Errno 111] Connection refused')': /session/7812d16e11d7fc1dd27f0a32aa6ca4cf</msg>
</errors>
</robot>
