<?xml version="1.0" encoding="UTF-8"?>
<robot generator="Robot 3.2.1 (Python 3.7.5 on linux)" generated="20200802 11:14:36.131" rpa="false">
<suite id="s1" name="adicionarItemCarrinho" source="/media/davidhalison/f971b11c-f1bf-4d4d-9f21-55bf66d0e452/MyNewProject/web/tests/adicionarItemCarrinho.robot">
<test id="s1-t1" name="Cenario 02: Deve criar uma nova conta">
<kw name="Open session" library="base" type="setup">
<kw name="Open Browser" library="SeleniumLibrary">
<doc>Opens a new browser instance to the optional ``url``.</doc>
<arguments>
<arg>${URL}</arg>
<arg>${BROWSER}</arg>
</arguments>
<msg timestamp="20200802 11:14:36.568" level="INFO">Opening browser 'chrome' to base url 'http://automationpractice.com/index.php'.</msg>
<status status="PASS" starttime="20200802 11:14:36.567" endtime="20200802 11:14:43.080"></status>
</kw>
<status status="PASS" starttime="20200802 11:14:36.566" endtime="20200802 11:14:43.082"></status>
</kw>
<kw name="Dado que eu esteja na pagina principal e clico em Sign in" library="BDDpt-br">
<kw name="Run Keyword" library="BuiltIn">
<doc>Executes the given keyword with the given arguments.</doc>
<arguments>
<arg>${Keyword}</arg>
</arguments>
<kw name="que eu esteja na pagina principal e clico em Sign in" library="kwsCadastro">
<kw name="Sleep" library="BuiltIn">
<doc>Pauses the test executed for the given time.</doc>
<arguments>
<arg>2</arg>
</arguments>
<msg timestamp="20200802 11:14:45.091" level="INFO">Slept 2 seconds</msg>
<status status="PASS" starttime="20200802 11:14:43.089" endtime="20200802 11:14:45.091"></status>
</kw>
<kw name="Click Element" library="SeleniumLibrary">
<doc>Click the element identified by ``locator``.</doc>
<arguments>
<arg>${BOTAO_CADASTRO}</arg>
</arguments>
<msg timestamp="20200802 11:14:45.093" level="INFO">Clicking element 'xpath=//*[@id="header"]/div[2]/div/div/nav/div[1]/a'.</msg>
<status status="PASS" starttime="20200802 11:14:45.092" endtime="20200802 11:14:46.938"></status>
</kw>
<status status="PASS" starttime="20200802 11:14:43.088" endtime="20200802 11:14:46.939"></status>
</kw>
<status status="PASS" starttime="20200802 11:14:43.087" endtime="20200802 11:14:46.940"></status>
</kw>
<status status="PASS" starttime="20200802 11:14:43.084" endtime="20200802 11:14:46.940"></status>
</kw>
<kw name="Quando estiver na pagina &quot;Create an account&quot;" library="BDDpt-br">
<kw name="Run Keyword" library="BuiltIn">
<doc>Executes the given keyword with the given arguments.</doc>
<arguments>
<arg>${Keyword}</arg>
</arguments>
<kw name="estiver na pagina &quot;Create an account&quot;" library="kwsCadastro">
<kw name="Scroll Element Into View" library="SeleniumLibrary">
<doc>Scrolls the element identified by ``locator`` into view.</doc>
<arguments>
<arg>${SCROLL_EMAIL}</arg>
</arguments>
<status status="PASS" starttime="20200802 11:14:46.946" endtime="20200802 11:14:47.049"></status>
</kw>
<kw name="Sleep" library="BuiltIn">
<doc>Pauses the test executed for the given time.</doc>
<arguments>
<arg>2</arg>
</arguments>
<msg timestamp="20200802 11:14:49.051" level="INFO">Slept 2 seconds</msg>
<status status="PASS" starttime="20200802 11:14:47.050" endtime="20200802 11:14:49.052"></status>
</kw>
<kw name="Click Element" library="SeleniumLibrary">
<doc>Click the element identified by ``locator``.</doc>
<arguments>
<arg>${CAMPO_EMAIL}</arg>
</arguments>
<msg timestamp="20200802 11:14:49.053" level="INFO">Clicking element 'xpath=//*[@id="email_create"]'.</msg>
<status status="PASS" starttime="20200802 11:14:49.052" endtime="20200802 11:14:49.212"></status>
</kw>
<kw name="Input Text" library="SeleniumLibrary">
<doc>Types the given ``text`` into the text field identified by ``locator``.</doc>
<arguments>
<arg>${CAMPO_EMAIL}</arg>
<arg>halison@io.io</arg>
</arguments>
<msg timestamp="20200802 11:14:49.214" level="INFO">Typing text 'halison@io.io' into text field 'xpath=//*[@id="email_create"]'.</msg>
<status status="PASS" starttime="20200802 11:14:49.213" endtime="20200802 11:14:49.530"></status>
</kw>
<kw name="Sleep" library="BuiltIn">
<doc>Pauses the test executed for the given time.</doc>
<arguments>
<arg>2</arg>
</arguments>
<msg timestamp="20200802 11:14:51.531" level="INFO">Slept 2 seconds</msg>
<status status="PASS" starttime="20200802 11:14:49.530" endtime="20200802 11:14:51.532"></status>
</kw>
<kw name="Click Element" library="SeleniumLibrary">
<doc>Click the element identified by ``locator``.</doc>
<arguments>
<arg>${SCROLL_EMAIL}</arg>
</arguments>
<msg timestamp="20200802 11:14:51.534" level="INFO">Clicking element 'xpath=//*[@id="SubmitCreate"]'.</msg>
<status status="PASS" starttime="20200802 11:14:51.533" endtime="20200802 11:14:51.683"></status>
</kw>
<kw name="Page Should Contain" library="SeleniumLibrary">
<doc>Verifies that current page contains ``text``.</doc>
<arguments>
<arg>${MSG_ESPERADA}</arg>
</arguments>
<msg timestamp="20200802 11:14:51.733" level="INFO">Current page contains text 'Create an account'.</msg>
<status status="PASS" starttime="20200802 11:14:51.684" endtime="20200802 11:14:51.733"></status>
</kw>
<status status="PASS" starttime="20200802 11:14:46.944" endtime="20200802 11:14:51.734"></status>
</kw>
<status status="PASS" starttime="20200802 11:14:46.942" endtime="20200802 11:14:51.734"></status>
</kw>
<status status="PASS" starttime="20200802 11:14:46.941" endtime="20200802 11:14:51.734"></status>
</kw>
<kw name="Entao devo criar uma nova conta" library="BDDpt-br">
<kw name="Run Keyword" library="BuiltIn">
<doc>Executes the given keyword with the given arguments.</doc>
<arguments>
<arg>${Keyword}</arg>
</arguments>
<kw name="devo criar uma nova conta" library="kwsCadastro">
<msg timestamp="20200802 11:14:51.737" level="FAIL">Keyword 'kwsCadastro.devo criar uma nova conta' expected 1 argument, got 0.</msg>
<status status="FAIL" starttime="20200802 11:14:51.737" endtime="20200802 11:14:51.738"></status>
</kw>
<status status="FAIL" starttime="20200802 11:14:51.736" endtime="20200802 11:14:51.738"></status>
</kw>
<status status="FAIL" starttime="20200802 11:14:51.735" endtime="20200802 11:14:51.738"></status>
</kw>
<kw name="Close session" library="base" type="teardown">
<kw name="Close Browser" library="SeleniumLibrary">
<doc>Closes the current browser.</doc>
<status status="PASS" starttime="20200802 11:14:51.742" endtime="20200802 11:14:51.838"></status>
</kw>
<status status="PASS" starttime="20200802 11:14:51.740" endtime="20200802 11:14:51.839"></status>
</kw>
<tags>
<tag>validaLogin</tag>
</tags>
<status status="FAIL" starttime="20200802 11:14:36.564" endtime="20200802 11:14:51.839" critical="yes">Keyword 'kwsCadastro.devo criar uma nova conta' expected 1 argument, got 0.</status>
</test>
<doc>Eu sendo um cliente, devo adicionar um produto
ao meu carrinho e finalizar a compra.</doc>
<status status="FAIL" starttime="20200802 11:14:36.134" endtime="20200802 11:14:51.842"></status>
</suite>
<statistics>
<total>
<stat pass="0" fail="1">Critical Tests</stat>
<stat pass="0" fail="1">All Tests</stat>
</total>
<tag>
<stat pass="0" fail="1">validaLogin</stat>
</tag>
<suite>
<stat pass="0" fail="1" id="s1" name="adicionarItemCarrinho">adicionarItemCarrinho</stat>
</suite>
</statistics>
<errors>
</errors>
</robot>
